libMrpoid/build/outputs/logs/manifest-merger-debug-report.txt
-- Merging decision tree log ---
manifest
ADDED from src/main/AndroidManifest.xml:1:1-160:12
INJECTED from src/main/AndroidManifest.xml:1:1-160:12
INJECTED from src/main/AndroidManifest.xml:1:1-160:12
INJECTED from src/main/AndroidManifest.xml:1:1-160:12
INJECTED from src/main/AndroidManifest.xml:1:1-160:12
INJECTED from src/main/AndroidManifest.xml:1:1-160:12
INJECTED from src/main/AndroidManifest.xml:1:1-160:12
	package
		ADDED from src/main/AndroidManifest.xml:2:5-25
		INJECTED from src/main/AndroidManifest.xml
		INJECTED from src/main/AndroidManifest.xml
	android:versionName
		ADDED from src/main/AndroidManifest.xml:4:5-35
		INJECTED from src/main/AndroidManifest.xml
		INJECTED from src/main/AndroidManifest.xml
	xmlns:android
		ADDED from src/main/AndroidManifest.xml:1:11-69
	android:versionCode
		ADDED from src/main/AndroidManifest.xml:3:5-31
		INJECTED from src/main/AndroidManifest.xml
		INJECTED from src/main/AndroidManifest.xml
uses-permission#android.permission.INTERNET
ADDED from src/main/AndroidManifest.xml:7:5-67
	android:name
		ADDED from src/main/AndroidManifest.xml:7:22-64
uses-permission#android.permission.ACCESS_NETWORK_STATE
ADDED from src/main/AndroidManifest.xml:8:5-79
	android:name
		ADDED from src/main/AndroidManifest.xml:8:22-76
uses-permission#android.permission.ACCESS_WIFI_STATE
ADDED from src/main/AndroidManifest.xml:9:5-76
	android:name
		ADDED from src/main/AndroidManifest.xml:9:22-73
uses-permission#android.permission.READ_APN_SETTINGS
ADDED from src/main/AndroidManifest.xml:10:5-76
	android:name
		ADDED from src/main/AndroidManifest.xml:10:22-73
uses-permission#android.permission.KILL_BACKGROUND_PROCESSES
ADDED from src/main/AndroidManifest.xml:11:5-84
	android:name
		ADDED from src/main/AndroidManifest.xml:11:22-81
uses-permission#android.permission.READ_PHONE_STATE
ADDED from src/main/AndroidManifest.xml:14:5-75
	android:name
		ADDED from src/main/AndroidManifest.xml:14:22-72
uses-permission#android.permission.READ_EXTERNAL_STORAGE
ADDED from src/main/AndroidManifest.xml:15:5-80
	android:name
		ADDED from src/main/AndroidManifest.xml:15:22-77
uses-permission#android.permission.WRITE_EXTERNAL_STORAGE
ADDED from src/main/AndroidManifest.xml:16:5-81
	android:name
		ADDED from src/main/AndroidManifest.xml:16:22-78
uses-permission#android.permission.MOUNT_UNMOUNT_FILESYSTEMS
ADDED from src/main/AndroidManifest.xml:17:5-84
	android:name
		ADDED from src/main/AndroidManifest.xml:17:22-81
uses-permission#android.permission.READ_SMS
ADDED from src/main/AndroidManifest.xml:20:5-67
	android:name
		ADDED from src/main/AndroidManifest.xml:20:22-64
uses-permission#android.permission.WRITE_SMS
ADDED from src/main/AndroidManifest.xml:21:5-68
	android:name
		ADDED from src/main/AndroidManifest.xml:21:22-65
uses-permission#android.permission.RECEIVE_SMS
ADDED from src/main/AndroidManifest.xml:22:5-70
	android:name
		ADDED from src/main/AndroidManifest.xml:22:22-67
uses-permission#android.permission.SEND_SMS
ADDED from src/main/AndroidManifest.xml:23:5-67
	android:name
		ADDED from src/main/AndroidManifest.xml:23:22-64
uses-permission#android.permission.CALL_PHONE
ADDED from src/main/AndroidManifest.xml:24:5-69
	android:name
		ADDED from src/main/AndroidManifest.xml:24:22-66
uses-permission#android.permission.VIBRATE
ADDED from src/main/AndroidManifest.xml:27:5-66
	android:name
		ADDED from src/main/AndroidManifest.xml:27:22-63
uses-permission#android.permission.READ_LOGS
ADDED from src/main/AndroidManifest.xml:28:5-68
	android:name
		ADDED from src/main/AndroidManifest.xml:28:22-65
uses-permission#android.permission.WAKE_LOCK
ADDED from src/main/AndroidManifest.xml:29:5-68
	android:name
		ADDED from src/main/AndroidManifest.xml:29:22-65
uses-permission#android.permission.CHANGE_CONFIGURATION
ADDED from src/main/AndroidManifest.xml:30:5-79
	android:name
		ADDED from src/main/AndroidManifest.xml:30:22-76
application
ADDED from src/main/AndroidManifest.xml:32:5-158:19
	android:label
		ADDED from src/main/AndroidManifest.xml:34:9-41
	android:icon
		ADDED from src/main/AndroidManifest.xml:33:9-45
service#com.mrpoid.app.EmulatorService
ADDED from src/main/AndroidManifest.xml:37:9-39:40
	android:exported
		ADDED from src/main/AndroidManifest.xml:39:13-37
	android:name
		ADDED from src/main/AndroidManifest.xml:38:13-58
receiver#com.mrpoid.app.EmulatorReceiver
ADDED from src/main/AndroidManifest.xml:41:9-44:20
	android:exported
		ADDED from src/main/AndroidManifest.xml:43:13-37
	android:name
		ADDED from src/main/AndroidManifest.xml:42:13-59
activity#com.mrpoid.app.EmulatorActivity
ADDED from src/main/AndroidManifest.xml:46:9-50:20
	android:configChanges
		ADDED from src/main/AndroidManifest.xml:48:13-57
	android:theme
		ADDED from src/main/AndroidManifest.xml:49:13-51
	android:name
		ADDED from src/main/AndroidManifest.xml:47:13-59
activity#com.mrpoid.app.HelpActivity
ADDED from src/main/AndroidManifest.xml:52:9-55:20
	android:theme
		ADDED from src/main/AndroidManifest.xml:54:13-51
	android:name
		ADDED from src/main/AndroidManifest.xml:53:13-55
activity#com.mrpoid.game.keypad.KeypadEditActivity
ADDED from src/main/AndroidManifest.xml:56:9-59:20
	android:theme
		ADDED from src/main/AndroidManifest.xml:58:13-51
	android:name
		ADDED from src/main/AndroidManifest.xml:57:13-69
activity#com.mrpoid.app.MrpoidSettingsActivity
ADDED from src/main/AndroidManifest.xml:60:9-64:20
	android:label
		ADDED from src/main/AndroidManifest.xml:62:13-45
	android:theme
		ADDED from src/main/AndroidManifest.xml:63:13-51
	android:name
		ADDED from src/main/AndroidManifest.xml:61:13-65
activity#com.mrpoid.game.keysprite.KeySpriteEditorActivity
ADDED from src/main/AndroidManifest.xml:65:9-69:20
	android:label
		ADDED from src/main/AndroidManifest.xml:67:13-45
	android:theme
		ADDED from src/main/AndroidManifest.xml:68:13-51
	android:name
		ADDED from src/main/AndroidManifest.xml:66:13-77
activity#com.mrpoid.app.ExternActivity
ADDED from src/main/AndroidManifest.xml:70:9-84:20
	android:multiprocess
		ADDED from src/main/AndroidManifest.xml:75:13-40
	android:launchMode
		ADDED from src/main/AndroidManifest.xml:74:13-42
	android:exported
		ADDED from src/main/AndroidManifest.xml:73:13-36
	android:configChanges
		ADDED from src/main/AndroidManifest.xml:72:13-57
	android:name
		ADDED from src/main/AndroidManifest.xml:71:13-57
intent-filter#android.intent.action.EDIT+android.intent.action.VIEW+android.intent.category.DEFAULT
ADDED from src/main/AndroidManifest.xml:76:13-83:29
action#android.intent.action.VIEW
ADDED from src/main/AndroidManifest.xml:77:17-69
	android:name
		ADDED from src/main/AndroidManifest.xml:77:25-66
action#android.intent.action.EDIT
ADDED from src/main/AndroidManifest.xml:78:17-69
	android:name
		ADDED from src/main/AndroidManifest.xml:78:25-66
category#android.intent.category.DEFAULT
ADDED from src/main/AndroidManifest.xml:80:17-76
	android:name
		ADDED from src/main/AndroidManifest.xml:80:27-73
data
ADDED from src/main/AndroidManifest.xml:82:17-60
	android:mimeType
		ADDED from src/main/AndroidManifest.xml:82:23-57
activity#com.mrpoid.apps.AppActivity0
ADDED from src/main/AndroidManifest.xml:87:9-94:54
	android:process
		ADDED from src/main/AndroidManifest.xml:92:13-36
	android:label
		ADDED from src/main/AndroidManifest.xml:91:13-40
	android:configChanges
		ADDED from src/main/AndroidManifest.xml:90:13-57
	android:allowTaskReparenting
		ADDED from src/main/AndroidManifest.xml:89:13-48
	android:theme
		ADDED from src/main/AndroidManifest.xml:94:13-51
	android:taskAffinity
		ADDED from src/main/AndroidManifest.xml:93:13-56
	android:name
		ADDED from src/main/AndroidManifest.xml:88:13-56
service#com.mrpoid.apps.AppService0
ADDED from src/main/AndroidManifest.xml:96:9-98:39
	android:process
		ADDED from src/main/AndroidManifest.xml:98:13-36
	android:name
		ADDED from src/main/AndroidManifest.xml:97:13-55
activity#com.mrpoid.apps.AppActivity1
ADDED from src/main/AndroidManifest.xml:101:9-108:54
	android:process
		ADDED from src/main/AndroidManifest.xml:106:13-36
	android:label
		ADDED from src/main/AndroidManifest.xml:105:13-40
	android:configChanges
		ADDED from src/main/AndroidManifest.xml:104:13-57
	android:allowTaskReparenting
		ADDED from src/main/AndroidManifest.xml:103:13-48
	android:theme
		ADDED from src/main/AndroidManifest.xml:108:13-51
	android:taskAffinity
		ADDED from src/main/AndroidManifest.xml:107:13-56
	android:name
		ADDED from src/main/AndroidManifest.xml:102:13-56
service#com.mrpoid.apps.AppService1
ADDED from src/main/AndroidManifest.xml:110:9-112:39
	android:process
		ADDED from src/main/AndroidManifest.xml:112:13-36
	android:name
		ADDED from src/main/AndroidManifest.xml:111:13-55
activity#com.mrpoid.apps.AppActivity2
ADDED from src/main/AndroidManifest.xml:115:9-122:54
	android:process
		ADDED from src/main/AndroidManifest.xml:120:13-36
	android:label
		ADDED from src/main/AndroidManifest.xml:119:13-40
	android:configChanges
		ADDED from src/main/AndroidManifest.xml:118:13-57
	android:allowTaskReparenting
		ADDED from src/main/AndroidManifest.xml:117:13-48
	android:theme
		ADDED from src/main/AndroidManifest.xml:122:13-51
	android:taskAffinity
		ADDED from src/main/AndroidManifest.xml:121:13-56
	android:name
		ADDED from src/main/AndroidManifest.xml:116:13-56
service#com.mrpoid.apps.AppService2
ADDED from src/main/AndroidManifest.xml:124:9-126:39
	android:process
		ADDED from src/main/AndroidManifest.xml:126:13-36
	android:name
		ADDED from src/main/AndroidManifest.xml:125:13-55
activity#com.mrpoid.apps.AppActivity3
ADDED from src/main/AndroidManifest.xml:129:9-136:54
	android:process
		ADDED from src/main/AndroidManifest.xml:134:13-36
	android:label
		ADDED from src/main/AndroidManifest.xml:133:13-40
	android:configChanges
		ADDED from src/main/AndroidManifest.xml:132:13-57
	android:allowTaskReparenting
		ADDED from src/main/AndroidManifest.xml:131:13-48
	android:theme
		ADDED from src/main/AndroidManifest.xml:136:13-51
	android:taskAffinity
		ADDED from src/main/AndroidManifest.xml:135:13-56
	android:name
		ADDED from src/main/AndroidManifest.xml:130:13-56
service#com.mrpoid.apps.AppService3
ADDED from src/main/AndroidManifest.xml:138:9-140:39
	android:process
		ADDED from src/main/AndroidManifest.xml:140:13-36
	android:name
		ADDED from src/main/AndroidManifest.xml:139:13-55
activity#com.mrpoid.apps.AppActivity4
ADDED from src/main/AndroidManifest.xml:143:9-150:54
	android:process
		ADDED from src/main/AndroidManifest.xml:148:13-36
	android:label
		ADDED from src/main/AndroidManifest.xml:147:13-40
	android:configChanges
		ADDED from src/main/AndroidManifest.xml:146:13-57
	android:allowTaskReparenting
		ADDED from src/main/AndroidManifest.xml:145:13-48
	android:theme
		ADDED from src/main/AndroidManifest.xml:150:13-51
	android:taskAffinity
		ADDED from src/main/AndroidManifest.xml:149:13-56
	android:name
		ADDED from src/main/AndroidManifest.xml:144:13-56
service#com.mrpoid.apps.AppService4
ADDED from src/main/AndroidManifest.xml:152:9-154:39
	android:process
		ADDED from src/main/AndroidManifest.xml:154:13-36
	android:name
		ADDED from src/main/AndroidManifest.xml:153:13-55
uses-sdk
INJECTED from src/main/AndroidManifest.xml reason: use-sdk injection requested
INJECTED from src/main/AndroidManifest.xml
INJECTED from src/main/AndroidManifest.xml
INJECTED from src/main/AndroidManifest.xml
INJECTED from src/main/AndroidManifest.xml
	android:targetSdkVersion
		INJECTED from src/main/AndroidManifest.xml
		ADDED from src/main/AndroidManifest.xml
		INJECTED from src/main/AndroidManifest.xml
	android:minSdkVersion
		INJECTED from src/main/AndroidManifest.xml
		ADDED from src/main/AndroidManifest.xml
		INJECTED from src/main/AndroidManifest.xml